Using pre-set license
Built from '2020.3/staging' branch; Version is '2020.3.30f1 (1fb1bf06830e) revision 2077119'; Using compiler version '192528614'; Build Type 'Release'
OS: 'Windows 10  (10.0.19043) 64bit Professional' Language: 'pl' Physical Memory: 16279 MB
BatchMode: 1, IsHumanControllingUs: 0, StartBugReporterOnCrash: 0, Is64bit: 1, IsPro: 0

COMMAND LINE ARGUMENTS:
D:\Unity\2020.3.30f1\Editor\Unity.exe
-adb2
-batchMode
-noUpm
-name
AssetImportWorker0
-projectPath
D:/Projects/puzzle_solver_game/sample_level
-logFile
Logs/AssetImportWorker0.log
-srvPort
64584
Successfully changed project path to: D:/Projects/puzzle_solver_game/sample_level
D:/Projects/puzzle_solver_game/sample_level
Using Asset Import Pipeline V2.
Refreshing native plugins compatible for Editor in 26.91 ms, found 2 plugins.
Preloading 0 native plugins for Editor in 0.00 ms.
Initialize engine version: 2020.3.30f1 (1fb1bf06830e)
[Subsystems] Discovering subsystems at path D:/Unity/2020.3.30f1/Editor/Data/Resources/UnitySubsystems
[Subsystems] Discovering subsystems at path D:/Projects/puzzle_solver_game/sample_level/Assets
GfxDevice: creating device client; threaded=0
Direct3D:
    Version:  Direct3D 11.0 [level 11.1]
    Renderer: Radeon RX 570 Series (ID=0x67df)
    Vendor:   
    VRAM:     4074 MB
    Driver:   30.0.15021.11005
Initialize mono
Mono path[0] = 'D:/Unity/2020.3.30f1/Editor/Data/Managed'
Mono path[1] = 'D:/Unity/2020.3.30f1/Editor/Data/MonoBleedingEdge/lib/mono/unityjit'
Mono config path = 'D:/Unity/2020.3.30f1/Editor/Data/MonoBleedingEdge/etc'
Using monoOptions --debugger-agent=transport=dt_socket,embedding=1,server=y,suspend=n,address=127.0.0.1:56136
Begin MonoManager ReloadAssembly
Registering precompiled unity dll's ...
Register platform support module: D:/Unity/2020.3.30f1/Editor/Data/PlaybackEngines/WebGLSupport/UnityEditor.WebGL.Extensions.dll
Register platform support module: D:/Unity/2020.3.30f1/Editor/Data/PlaybackEngines/WindowsStandaloneSupport/UnityEditor.WindowsStandalone.Extensions.dll
Registered in 0.000925 seconds.
Native extension for WindowsStandalone target not found
Native extension for WebGL target not found
Refreshing native plugins compatible for Editor in 27.23 ms, found 2 plugins.
Preloading 0 native plugins for Editor in 0.00 ms.
Mono: successfully reloaded assembly
- Completed reload, in  0.394 seconds
Domain Reload Profiling:
	ReloadAssembly (394ms)
		BeginReloadAssembly (42ms)
			ExecutionOrderSort (0ms)
			DisableScriptedObjects (0ms)
			BackupInstance (0ms)
			ReleaseScriptingObjects (0ms)
			CreateAndSetChildDomain (1ms)
		EndReloadAssembly (306ms)
			LoadAssemblies (42ms)
			RebuildTransferFunctionScriptingTraits (0ms)
			SetupTypeCache (96ms)
			ReleaseScriptCaches (0ms)
			RebuildScriptCaches (20ms)
			SetupLoadedEditorAssemblies (119ms)
				LogAssemblyErrors (0ms)
				InitializePlatformSupportModulesInManaged (4ms)
				SetLoadedEditorAssemblies (0ms)
				RefreshPlugins (27ms)
				BeforeProcessingInitializeOnLoad (10ms)
				ProcessInitializeOnLoadAttributes (59ms)
				ProcessInitializeOnLoadMethodAttributes (19ms)
				AfterProcessingInitializeOnLoad (0ms)
				EditorAssembliesLoaded (0ms)
			ExecutionOrderSort2 (0ms)
			AwakeInstancesAfterBackupRestoration (0ms)
Platform modules already initialized, skipping
Registering precompiled user dll's ...
Registered in 0.001449 seconds.
Begin MonoManager ReloadAssembly
Native extension for WindowsStandalone target not found
Native extension for WebGL target not found
Refreshing native plugins compatible for Editor in 0.25 ms, found 2 plugins.
Preloading 0 native plugins for Editor in 0.00 ms.
Mono: successfully reloaded assembly
- Completed reload, in  0.673 seconds
Domain Reload Profiling:
	ReloadAssembly (673ms)
		BeginReloadAssembly (94ms)
			ExecutionOrderSort (0ms)
			DisableScriptedObjects (3ms)
			BackupInstance (0ms)
			ReleaseScriptingObjects (0ms)
			CreateAndSetChildDomain (12ms)
		EndReloadAssembly (543ms)
			LoadAssemblies (61ms)
			RebuildTransferFunctionScriptingTraits (0ms)
			SetupTypeCache (174ms)
			ReleaseScriptCaches (0ms)
			RebuildScriptCaches (29ms)
			SetupLoadedEditorAssemblies (221ms)
				LogAssemblyErrors (0ms)
				InitializePlatformSupportModulesInManaged (4ms)
				SetLoadedEditorAssemblies (0ms)
				RefreshPlugins (0ms)
				BeforeProcessingInitializeOnLoad (60ms)
				ProcessInitializeOnLoadAttributes (148ms)
				ProcessInitializeOnLoadMethodAttributes (7ms)
				AfterProcessingInitializeOnLoad (2ms)
				EditorAssembliesLoaded (0ms)
			ExecutionOrderSort2 (0ms)
			AwakeInstancesAfterBackupRestoration (4ms)
Platform modules already initialized, skipping
========================================================================
Worker process is ready to serve import requests
Launched and connected shader compiler UnityShaderCompiler.exe after 0.03 seconds
Refreshing native plugins compatible for Editor in 0.26 ms, found 2 plugins.
Preloading 0 native plugins for Editor in 0.00 ms.
Unloading 1892 Unused Serialized files (Serialized files now loaded: 0)
System memory in use before: 85.2 MB.
System memory in use after: 85.3 MB.

Unloading 16 unused Assets to reduce memory usage. Loaded Objects now: 2334.
Total: 2.015400 ms (FindLiveObjects: 0.086000 ms CreateObjectMapping: 0.036700 ms MarkObjects: 1.801200 ms  DeleteObjects: 0.090800 ms)

AssetImportParameters requested are different than current active one (requested -> active):
  custom:framework-win-MediaFoundation: 216162199b28c13a410421893ffa2e32 -> 
  custom:video-decoder-ogg-theora: a1e56fd34408186e4bbccfd4996cb3dc -> 
  custom:container-muxer-webm: aa71ff27fc2769a1b78a27578f13a17b -> 
  custom:container-demuxer-webm: 4f35f7cbe854078d1ac9338744f61a02 -> 
  custom:container-demuxer-ogg: 62fdf1f143b41e24485cea50d1cbac27 -> 
  custom:video-encoder-webm-vp8: eb34c28f22e8b96e1ab97ce403110664 -> 
  custom:video-decoder-webm-vp8: 9c59270c3fd7afecdb556c50c9e8de78 -> 
  custom:audio-decoder-ogg-vorbis: bf7c407c2cedff20999df2af8eb42d56 -> 
  custom:audio-encoder-webm-vorbis: bf7c407c2cedff20999df2af8eb42d56 -> 
========================================================================
Received Import Request.
  path: Assets
  artifactKey: Guid(00000000000000001000000000000000) Importer(815301076,1909f56bfc062723c751e8b465ee728b)
Start importing Assets using Guid(00000000000000001000000000000000) Importer(815301076,1909f56bfc062723c751e8b465ee728b)  -> (artifact id: '42d402b061de3733987d63b9cc3b64de') in 0.002855 seconds 
========================================================================
Received Import Request.
  Time since last request: 5.916491 seconds.
  path: Assets/Dungeon Assets
  artifactKey: Guid(df9270f4bfe7ce54ca3f77f83e5c63f1) Importer(815301076,1909f56bfc062723c751e8b465ee728b)
Start importing Assets/Dungeon Assets using Guid(df9270f4bfe7ce54ca3f77f83e5c63f1) Importer(815301076,1909f56bfc062723c751e8b465ee728b)  -> (artifact id: '1aa88e6fe1300970813af79c5b21ad14') in 0.001277 seconds 
========================================================================
Received Import Request.
  Time since last request: 49.127428 seconds.
  path: Assets/Dungeon Assets/fence_right.fbx
  artifactKey: Guid(9d1c0f716bdbb4442a05352e02c7c890) Importer(815301076,1909f56bfc062723c751e8b465ee728b)
Start importing Assets/Dungeon Assets/fence_right.fbx using Guid(9d1c0f716bdbb4442a05352e02c7c890) Importer(815301076,1909f56bfc062723c751e8b465ee728b)  -> (artifact id: 'ddcc30789641319add3212d96c8dbf85') in 0.155714 seconds 
========================================================================
Received Import Request.
  Time since last request: 24.253048 seconds.
  path: Assets/Dungeon Assets/floor_1.fbx
  artifactKey: Guid(122c691b0a1852d4eb1fdd6527172383) Importer(815301076,1909f56bfc062723c751e8b465ee728b)
Start importing Assets/Dungeon Assets/floor_1.fbx using Guid(122c691b0a1852d4eb1fdd6527172383) Importer(815301076,1909f56bfc062723c751e8b465ee728b)  -> (artifact id: '00a1067e6dcbcfb2039ced5558ca97ad') in 0.024763 seconds 
========================================================================
Received Import Request.
  Time since last request: 32.598261 seconds.
  path: Assets/Dungeon Assets/floor_1.fbx
  artifactKey: Guid(122c691b0a1852d4eb1fdd6527172383) Importer(815301076,1909f56bfc062723c751e8b465ee728b)
Start importing Assets/Dungeon Assets/floor_1.fbx using Guid(122c691b0a1852d4eb1fdd6527172383) Importer(815301076,1909f56bfc062723c751e8b465ee728b)  -> (artifact id: '290be834f0d11c612906e5fc1091bba3') in 0.022109 seconds 
========================================================================
Received Import Request.
  Time since last request: 0.000196 seconds.
  path: Assets/Dungeon Assets/floor_2.fbx
  artifactKey: Guid(7c8e5eddbb705f64b9b235c734fd8b63) Importer(815301076,1909f56bfc062723c751e8b465ee728b)
Start importing Assets/Dungeon Assets/floor_2.fbx using Guid(7c8e5eddbb705f64b9b235c734fd8b63) Importer(815301076,1909f56bfc062723c751e8b465ee728b)  -> (artifact id: 'fc49a2fcffccceefa3f9558a2be0a52b') in 0.013332 seconds 
========================================================================
Received Import Request.
  Time since last request: 0.000158 seconds.
  path: Assets/Dungeon Assets/floor_3.fbx
  artifactKey: Guid(7f168afd7d84f8042b56dd0f94c05d69) Importer(815301076,1909f56bfc062723c751e8b465ee728b)
Start importing Assets/Dungeon Assets/floor_3.fbx using Guid(7f168afd7d84f8042b56dd0f94c05d69) Importer(815301076,1909f56bfc062723c751e8b465ee728b)  -> (artifact id: '91a8c546e8bd549124ff312e0e498273') in 0.014288 seconds 
========================================================================
Received Import Request.
  Time since last request: 11.965321 seconds.
  path: Assets/Dungeon Assets/Fence_piece.fbx
  artifactKey: Guid(d9669a8289f55fa4e9cdb81e6d56761f) Importer(815301076,1909f56bfc062723c751e8b465ee728b)
Start importing Assets/Dungeon Assets/Fence_piece.fbx using Guid(d9669a8289f55fa4e9cdb81e6d56761f) Importer(815301076,1909f56bfc062723c751e8b465ee728b)  -> (artifact id: '08c20fa1e431a46ac8f718c06754b14e') in 0.028754 seconds 
AssetImportWorkerClient::OnTransportError - code=2 error=End of file
